<?xml version="1.0" encoding="UTF-8"?>
<testsuite name="saucedemo.tests.CheckoutTest" tests="4" skipped="0" failures="0" errors="0" timestamp="2026-05-29T13:09:52.015Z" hostname="POKHAREL123" time="27.443">
  <properties/>
  <testcase name="testAddProductToCart" classname="saucedemo.tests.CheckoutTest" time="0.543"/>
  <testcase name="testSucessfulCheckout" classname="saucedemo.tests.CheckoutTest" time="9.403"/>
  <testcase name="testMissingFirstNameValidation" classname="saucedemo.tests.CheckoutTest" time="0.692"/>
  <testcase name="testCancelCheckout" classname="saucedemo.tests.CheckoutTest" time="0.288"/>
  <system-out><![CDATA[]]></system-out>
  <system-err><![CDATA[May 29, 2026 6:54:50 PM org.openqa.selenium.devtools.CdpVersionFinder findNearestMatch
WARNING: Unable to find CDP implementation matching 148
May 29, 2026 6:54:50 PM org.openqa.selenium.chromium.ChromiumDriver lambda$new$5
WARNING: Unable to find version of CDP to use for 148.0.7778.179. You may need to include a dependency on a specific version of the CDP using something similar to `org.seleniumhq.selenium:selenium-devtools-v86:4.18.1` where the version ("v86") matches the version of the chromium-based browser you're using and the version number of the artifact is the same as Selenium's.
May 29, 2026 6:55:12 PM org.openqa.selenium.devtools.CdpVersionFinder findNearestMatch
WARNING: Unable to find CDP implementation matching 148
May 29, 2026 6:55:12 PM org.openqa.selenium.chromium.ChromiumDriver lambda$new$5
WARNING: Unable to find version of CDP to use for 148.0.7778.179. You may need to include a dependency on a specific version of the CDP using something similar to `org.seleniumhq.selenium:selenium-devtools-v86:4.18.1` where the version ("v86") matches the version of the chromium-based browser you're using and the version number of the artifact is the same as Selenium's.
May 29, 2026 6:55:17 PM org.openqa.selenium.devtools.CdpVersionFinder findNearestMatch
WARNING: Unable to find CDP implementation matching 148
May 29, 2026 6:55:17 PM org.openqa.selenium.chromium.ChromiumDriver lambda$new$5
WARNING: Unable to find version of CDP to use for 148.0.7778.179. You may need to include a dependency on a specific version of the CDP using something similar to `org.seleniumhq.selenium:selenium-devtools-v86:4.18.1` where the version ("v86") matches the version of the chromium-based browser you're using and the version number of the artifact is the same as Selenium's.
]]></system-err>
</testsuite>
